<?xml version="1.0" encoding="UTF-8" standalone="no"?>
<testsuite name="RIB trades reversal in LMEsmart">
    <system-out><![CDATA[Feature Description:
State:
  9          - Pending Acceptance
  H          - Pending Other Side Acceptance]]></system-out>
</testsuite>
